1
1
2
3
27
1
3
4
5
3
2
2
6
44
6
7
8
9
15
9
20
8
10
11
11
7
20
25
8
9
10
29
7
9
6
16
9
10
9
11
8
12
12
13
11
9
40
42
10
13
14
15
7
14
16
17
18
19
20
21
13
11
12
9
9
21
33
14
17
22
21
44
8
51
52
55
62
7
10
7
7
62
63
1
14
1
7
1
9
13
15
31
1
8
12
16
9
36
1
64
6
31
6
16
66
70
7
70
10
12
38
12
14
17
18
21
22
23
17
24
8
10
10
11
12
13
5
13
17
23
21
7
21
17
27
37
18
17
45
17
57
21
17
17
21
22
7
7
24
9
25
26
25
25
25
8
26
23
24
27
25
25
25
25
28
25
29
6
30
22
31
28
25
29
6
28
21
29
22
28
38
46
21
21
48
61
13
66
13
71
13
72
72
13
16
19
20
31
53
16
19
21
4
16
24
25
26
2
16
13
20
16
19
19
8
19
25
14
25
13
27
9
16
27
29
16
16
27
20
27
16
30
31
27
32
33
27
24
34
35
23
24
30
14
21
19
32
27
13
20
20
33
30
36
30
33
20
20
36
37
38
39
5
13
33
43
35
3
35
19
36
13
36
47
25
35
25
6
52
25
25
37
38
25
40
41
27
25
47
52
25
37
53
32
45
25
25
54
25
60
25
61
27
32
38
39
41
32
32
32
42
6
29
27
32
39
39
43
12
32
27
27
33
38
32
25
38
39
44
34
35
27
43
46
47
41
56
38
32
43
44
45
46
3
38
43
25
32
23
32
46
37
47
23
26
43
47
44
45
47
38
37
45
48
48
11
38
37
41
45
37
27
28
45
20
45
45
48
49
49
50
1
8
52
46
48
49
49
32
1
16
1
2
1
3
4
32
32
0
24
1
39
58
1
43
43
48
43
55
63
67
67
1
69
1
70
19
5
1
19
27
27
27
2
70
19
19
27
33
39
16
37
27
33
19
20
33
33
19
19
33
27
39
27
17
33
41
39
27
43
72
16
33
26
16
70
16
16
39
41
8
51
16
39
42
39
41
26
39
43
43
48
50
1
43
27
44
65
72
19
72
20
66
20
30
39
20
39
43
48
20
5
20
10
39
48
6
30
7
18
40
19
20
42
49
73
30
39
19
39
48
1
8
19
46
48
9
9
19
20
74
48
4
39
39
30
4
10
19
44
39
4
75
19
27
39
39
3
40
3
4
1
77
3
69
77
1
1
3
27
31
18
1
3
1
66
64
1
1
2
27
3
41
1
1
11
28
1
12
13
1
14
14
15
16
34
77
1
11
33
11
11
14
77
63
13
13
19
13
39
77
13
3
17
3
3
13
3
3
18
3
26
13
19
1
52
13
20
1
0
25
13
76
13
75
77
77
78
80
1
20
1
3
77
1
3
25
1
20
3
3
1
34
38
2
34
38
34
34
35
1
53
58
3
34
1
13
13
38
38
38
1
34
46
3
28
3
46
66
46
3
3
1
3
20
46
68
3
3
15
3
3
3
13
21
10
19
70
76
3
80
25
29
3
29
38
46
3
27
43
25
29
13
22
22
41
25
29
23
24
29
25
56
22
26
27
28
29
26
30
73
33
29
29
31
32
74
0
13
13
32
25
25
18
22
25
25
22
29
29
32
13
33
34
40
46
0
48
25
46
23
25
26
38
23
26
26
26
32
26
50
26
26
32
31
32
32
34
80
77
13
23
25
32
32
13
61
23
32
6
23
32
40
23
32
68
75
81
23
36
23
57
28
81
32
79
32
62
82
32
39
3
13
9
13
22
22
23
22
1
57
1
1
32
68
9
32
32
25
38
32
79
52
83
3
9
3
5
6
3
36
9
6
9
9
28
3
9
54
83
32
7
8
68
3
35
3
3
6
59
28
20
28
71
28
8
23
8
28
29
83
8
28
8
8
8
26
59
31
8
8
23
23
24
8
79
23
81
23
8
30
8
28
31
8
32
51
8
84
8
49
50
84
17
85
8
8
75
3
8
24
8
8
23
37
8
8
3
8
42
23
23
77
85
0
85
5
24
5
37
5
45
37
8
70
31
17
8
23
31
31
26
34
8
31
8
31
35
36
37
32
8
38
39
40
20
31
41
3
31
36
31
23
40
31
14
41
44
55
71
41
16
56
82
11
8
85
37
8
41
39
38
41
38
8
41
31
42
68
38
41
38
32
23
38
51
38
38
32
41
41
8
8
41
41
32
38
37
32
1
38
40
41
42
43
28
32
44
43
54
