1
1
332
1
3294
1
8690
1
1
4797
1
1
8263
1
1
3681
1
8916
1
1
1
1
5172
4176
1
1
1
1
1
1
1
1
9539
1
5339
1
1
1
1
1
9719
1
1
1
861
4098
2268
1423
1
1
1
1
1
6061
1
1
4998
1
1
1
1
1
1
1899
6632
1
7594
9543
1
1
6967
1
8882
1
1
1
6987
1
1
7911
1
1
1
1
1
1
1
1
7081
3893
1
6907
7584
1
1
1
9839
1
1
1
1397
2183
1
1
1
8660
1
1
1
1
1
1
4220
1
1
2388
1
843
1
2919
1
1
9815
1
1
5744
1
2670
1
1
1
1
1
1
1
1
1
1
1
1
1
1
1
1
1
9121
1
2455
1
1
1
7135
1
1960
1
1
1
1
8277
1
0
1
1
1
716
1
1
1030
1991
1
1
1
1
1
1
1
1
1
1
7439
1
2952
1
1
1
7788
1
1
1
5263
5022
1
7624
1
3605
1
1
1234
2189
1
1
6093
1
4592
3651
1
3888
1
5119
1
1
6431
1
1
5358
1
4215
4761
1
1
4229
1
1
9601
1
1
4780
777
1
1
2847
1
1
1
791
9830
47
1
1
1
1
1
99
1
1
1
1
1
8827
1
1
1
1
1
1
1
1
5592
1
1
1
1
1
1
1
1
1
9010
7918
5338
1
1
1
1
1
1
3328
1
2027
1
1
3841
5180
1
2346
1
1
1
1
1
1
1
7435
9694
6408
1
4644
1
4566
4790
7226
1
1
1
7359
8975
1
1
1
1
7091
6393
2178
1
756
1
1
1678
1
1
1
7265
1
1
1
1
1
1
1
1
1
3005
1
1
5036
1
1
1
1
2942
1
1
1
1
1
2269
1
1
1
1
1
9108
1
1
1
1
9384
3494
1
1
1
1
1
1
1
1
1
3432
2007
1
1
1
1
1
6003
1
1
1
1
1
1
1
1
7478
7963
193
1
1
1
1
4260
1
1
1
1
1
1
4197
1
1
1
1
3665
1
1
1
1
1
9560
1
1
1
1
1
1
1206
1
450
1
1
4351
1095
1
1
1
1
1
3271
1
1
1
1
8936
1
1
1
5983
580
1
6785
5337
1
1
1
1
1
1
1
1
1
1
9264
1
9902
5630
9934
1
1
1
1
1
1
1
3310
4053
1
1
3982
1
3203
1
1
9648
1
1
1
1
1
6075
1
1
1
345
4253
81
2962
1
7955
1
1
483
1
1
1
4551
1
1
1
1
1
1
1
5205
8368
1044
9551
4334
1
1063
1574
7530
1
5729
1
1
1
1
1
1
1
1
1
1
1
1
1
2527
7208
1
1
5895
1
1
1
1
1
2689
1
1
1
9297
1929
1
1
1
4647
896
1
1
3445
1
1
1
1
1
1
2630
1820
2268
1
6554
1
1
1
1
1
1
1
1
1
1
1
1
1
1
7395
1
1
9219
6400
1
1
4935
1
1
1
8019
1
1
1
1
338
1
1
1
1
1
1
2318
1
6587
1721
8822
1
1790
8610
1
1
1
1
8784
1
1
1
1
1
4726
1
1
1
1
170
6321
1
1
746
1
1
1
1955
1
9806
1
1
1
1
1
2098
1
1
6023
1
1
1
1
1
1
1
1
3845
554
1
1
1
1
8857
9909
4596
2612
1
1
1
1
1
1
1
6472
1
1
1
1
1
1
1
1
1
6163
4962
1
1
1
1
1
1
1085
2001
1
1
1
1
9395
1
1
1
1
1
1
1
5478
9180
8797
1
1283
9861
1
1
1
4299
1
1
1
1
1
1
1
1
1
1
1
1
1
5799
2111
1
1
8492
1
1
1
1
1
1
6101
1
5255
9370
2881
1
1
1
1
1
1
1
1
1
9355
1
1
1
1
1
1
1
9568
1
8665
1
1136
5186
1
3998
1
1
1
1
1
1
1
2941
1
1
6054
1
1
1
1
1
1
1
4145
1
1
5315
1
1
1
9946
1
1
1
1
5025
1
1
1089
1
1
1
8554
1
1
1
4149
1
1
1
1
1
1
1
1
1
1
890
1
1
5852
1
1
1
1
1
1
647
1887
1
1284
1197
1
1
1
8081
1
1
149
1
7648
1
4048
1
1
2864
9640
1
1660
1
8397
1
1
9859
1
1
1750
2950
1
1
1
1
9707
1
1
1
1
1
9713
106
9314
1
1
1
1
4499
1
1
1
1
1
1
1
1
637
1
1
1
8251
1
4733
4216
1
1
1
1
1
1
3909
1378
1
1
1
1
4507
1
1
1
122
2341
1
3723
1
3048
1
1
259
1
2895
1
1
1
6257
3174
6113
1
1
1
2191
8252
1
1
4198
1344
1
1
1
8738
1
1
1
1
1
2725
2005
1
1
685
1
5747
1
6728
1
772
6494
1
1
355
1
1
1
1
1
1
9867
1
612
1
455
1
1
1
1
1
1
1
1
1
1
1
4428
1
1
7705
1
1
1
1
1
1525
1
1
1
1
1
1
6439
1
9699
6747
3771
7627
8893
