1
2
2
1
1
1
3
1
4
1
1
5
6
7
7
7
7
7
7
8
9
3
10
3
3
11
11
3
3
12
3
13
13
13
3
14
3
11
15
11
16
11
17
18
11
19
3
13
13
20
13
13
13
21
13
13
13
13
19
22
19
19
23
19
24
19
25
20
20
13
26
13
27
13
28
3
29
30
31
31
31
31
31
31
32
32
13
33
13
34
13
20
35
36
37
38
20
36
36
36
39
20
20
40
20
20
41
41
41
20
41
42
19
19
19
19
19
43
44
19
19
45
19
19
19
19
46
46
19
46
19
47
48
19
19
19
19
19
19
19
19
49
19
19
19
19
19
19
49
49
49
19
50
19
19
1
1
1
19
2
2
3
2
4
5
6
5
5
7
8
7
8
9
10
11
12
10
13
8
14
15
14
10
7
2
12
12
16
17
12
18
16
16
19
10
10
10
10
20
21
10
10
10
22
10
10
23
10
10
10
22
22
22
10
10
24
24
25
10
10
10
19
26
26
27
28
29
30
26
26
31
26
32
27
33
34
27
27
35
35
35
35
35
36
37
35
38
38
38
29
29
39
40
40
41
42
29
43
44
45
46
47
45
40
26
26
26
48
49
26
44
50
44
44
1
1
30
27
27
29
29
29
19
35
19
29
35
19
19
2
2
2
2
3
3
3
3
3
4
3
5
3
3
3
6
6
7
8
7
7
7
7
9
10
9
11
3
12
12
13
14
13
12
15
16
17
18
19
12
20
21
22
12
13
23
13
13
24
13
13
13
25
13
13
26
13
13
27
28
13
29
27
30
31
30
13
32
32
33
34
32
35
36
33
37
38
39
13
13
13
13
13
10
7
7
40
41
7
40
42
41
43
42
42
44
45
46
47
42
7
7
48
49
50
1
49
2
1
49
2
3
2
2
4
5
2
19
19
19
19
19
19
6
7
19
6
6
6
6
8
8
6
6
9
6
10
11
12
11
13
14
11
15
11
11
6
6
6
6
11
16
17
18
18
11
19
20
18
20
20
10
21
22
21
21
21
23
10
23
23
23
21
23
6
24
6
25
26
27
28
6
6
29
30
29
30
30
31
30
32
33
30
34
35
35
35
36
30
37
38
39
39
40
34
36
36
41
36
36
42
30
39
33
33
36
13
43
13
13
43
44
13
13
45
46
46
46
46
46
46
46
47
47
48
48
48
46
48
46
46
46
49
50
1
1
46
43
43
2
43
47
46
46
46
46
3
4
4
5
4
6
7
8
9
10
11
7
10
7
12
13
14
15
7
4
16
46
7
17
18
7
46
7
7
4
7
7
19
20
19
7
21
7
22
23
7
7
46
46
24
25
26
25
27
25
25
4
10
10
9
28
46
46
10
10
36
29
29
30
31
32
33
34
35
36
37
35
30
30
29
35
38
38
38
39
38
38
40
40
41
42
43
42
44
42
45
46
47
46
40
40
40
48
49
50
49
40
1
1
40
48
2
3
3
4
4
5
4
6
40
29
12
7
12
12
33
8
9
10
11
10
12
13
11
10
14
10
15
15
16
15
15
17
17
17
10
18
19
20
21
20
10
22
23
10
24
25
26
27
26
28
29
29
24
29
30
11
10
10
10
17
11
10
31
32
10
32
10
10
33
17
34
35
34
36
34
17
29
37
33
33
33
10
29
38
39
29
40
29
34
41
17
42
43
42
42
44
20
45
46
46
47
48
49
20
20
50
20
10
33
1
2
1
1
1
3
4
1
31
5
6
31
6
31
6
7
31
31
31
34
8
9
34
34
9
9
10
9
34
11
34
34
34
34
8
9
24
12
12
34
13
14
34
15
15
16
14
17
14
34
18
19
20
18
18
18
21
22
23
21
20
24
25
26
21
27
28
21
20
18
20
21
29
20
20
30
20
20
31
18
20
32
20
20
33
33
34
33
35
33
36
36
36
36
36
36
37
36
21
21
18
34
34
38
39
40
38
41
39
42
42
35
35
20
43
20
44
44
35
42
45
45
45
45
46
17
17
20
20
47
48
49
50
49
1
1
1
20
20
20
20
20
2
3
2
1
4
5
4
6
6
7
8
8
7
9
6
7
10
10
10
10
10
10
44
44
29
11
12
13
12
14
12
14
15
15
15
14
16
16
15
17
14
14
14
14
19
18
18
19
18
13
20
13
11
21
11
22
11
11
11
23
11
24
25
26
27
25
25
28
29
30
31
32
33
32
25
30
34
34
35
36
37
36
34
38
37
37
32
33
33
33
33
33
33
33
33
33
33
33
33
39
33
40
39
39
41
42
39
33
39
43
39
44
43
43
45
43
43
46
47
43
48
49
43
43
50
1
49
47
47
47
2
43
49
43
3
4
5
30
29
45
6
6
6
6
6
7
8
9
6
6
9
6
6
6
10
11
11
6
12
13
14
10
10
15
10
16
10
17
18
10
19
20
10
21
22
21
23
24
25
20
10
26
27
7
28
6
29
9
30
31
31
32
9
10
10
6
33
34
6
12
10
27
27
27
19
35
31
45
35
36
35
35
37
35
38
39
40
40
40
39
40
41
38
42
35
38
43
44
40
43
43
45
43
43
43
46
43
43
47
43
48
43
43
43
43
43
43
43
49
43
50
50
1
50
43
2
43
43
43
43
43
3
4
43
5
5
5
6
5
43
3
7
7
43
8
43
43
43
43
9
10
11
12
43
43
43
43
43
13
14
13
43
13
15
13
16
17
13
13
18
18
19
13
41
20
41
17
50
43
43
21
22
43
43
43
43
23
24
25
43
43
26
27
43
43
43
43
43
43
43
28
6
6
6
6
6
6
29
6
30
45
31
43
43
43
43
32
33
34
34
34
35
32
36
34
34
34
37
38
19
43
39
40
43
40
41
40
40
42
42
42
32
43
35
35
44
45
45
45
44
46
47
48
49
44
48
50
1
44
2
3
13
4
5
5
5
6
7
8
9
9
10
5
5
5
10
10
11
10
5
12
5
5
13
5
5
5
14
5
15
16
14
5
2
2
17
18
2
19
2
20
17
17
21
17
22
22
22
18
23
18
24
24
18
18
18
25
18
18
18
18
18
40
26
26
27
26
26
28
29
30
31
31
31
31
31
31
32
33
29
29
43
43
13
34
14
14
14
14
35
9
36
37
38
39
36
36
9
40
40
9
9
9
41
42
41
41
9
36
43
44
36
45
45
43
46
47
43
43
48
48
43
43
43
43
38
34
30
49
49
30
50
1
30
30
2
3
3
3
4
50
4
5
6
6
49
49
50
2
34
7
8
34
15
9
10
15
9
9
11
12
13
11
11
14
15
11
16
16
12
17
17
17
17
17
18
19
20
17
21
17
17
17
22
17
18
23
17
17
12
24
24
25
24
26
12
22
22
15
27
15
18
28
29
18
18
18
10
17
30
31
31
31
32
33
32
17
30
30
30
30
11
34
35
34
11
36
37
36
38
39
38
37
37
40
37
37
11
41
42
43
44
45
11
46
44
44
47
48
49
44
50
44
50
44
1
44
35
35
35
35
2
3
2
2
35
2
4
2
5
2
6
4
4
4
7
4
4
4
7
8
9
7
7
10
11
12
13
7
14
9
9
15
9
16
16
16
15
12
9
9
16
9
17
9
9
18
19
20
21
9
22
23
24
22
22
25
9
26
9
9
9
9
27
9
22
28
29
22
29
29
20
29
29
29
29
29
30
31
32
22
22
22
22
16
33
16
34
16
35
36
36
36
36
37
16
35
38
38
39
40
41
38
36
36
42
40
16
43
44
45
46
43
16
47
47
41
48
49
41
50
1
50
50
50
50
41
41
41
50
39
39
2
39
39
39
39
1
40
40
40
3
4
4
40
48
48
5
48
48
36
22
35
2
6
7
8
9
10
11
10
12
9
13
14
8
15
15
15
10
2
16
17
2
2
2
18
2
19
2
2
2
2
20
2
2
2
2
21
2
22
23
23
23
2
24
24
2
6
6
6
25
26
6
27
28
29
30
29
29
31
31
32
31
33
34
31
31
35
36
31
21
2
6
31
6
37
38
39
40
6
41
42
6
41
43
44
39
39
39
39
39
45
45
46
47
45
48
45
45
45
49
50
1
2
3
50
6
4
1
45
40
25
24
24
24
24
24
5
24
5
6
24
7
8
9
24
9
10
11
12
9
9
9
9
13
13
10
14
15
9
9
16
9
9
9
17
9
9
9
9
9
9
18
18
18
18
18
18
9
19
20
21
9
22
22
23
23
23
23
24
23
23
18
25
26
18
18
9
13
25
25
18
27
18
18
18
18
10
16
16
23
39
28
28
28
29
28
29
28
30
28
31
31
32
33
28
28
34
28
28
28
28
28
35
28
36
28
37
38
37
39
40
39
39
28
40
41
37
42
39
43
43
44
39
39
39
39
45
46
45
47
45
43
43
43
48
29
49
50
1
1
2
49
1
49
49
49
49
49
30
47
23
3
23
23
4
23
5
5
23
23
3
3
5
6
7
8
5
9
9
10
8
10
11
11
8
16
12
13
12
14
12
12
12
15
12
12
