yxpolhmbuceskvnaurkbkzpeywqdmpxfmnnyuyxkhxvnqhtuvletrn
phuapaqrojglmqzjowmkosqvyovpczhporjyxiczidoacnopurzfyc
jwjabiphjcoqmureutaacspnfabsoqshnkeljalakogdjlejlsdwzd
eglumdwhbokagfymojrhmehpuapdqffaebhtufovoiibxpzipsvale
phnyzzwgimgahigtijnfgucesdtafrsohddlfuneuvtgjsthmcaxeb
pwsxqiylvwhtjlmsndkyntwtepvcuhtrlpzeiviwzufubbjwhbortn
nwonymlicjcsewvvairfdizfrhhtqxxnscbircuivqnmenrhxeeanb
yegykcnvnkckopfegeuvsyqeboywoiuinxjtiervvxofhknehsxhpb
jyzhojywcpriylzwhmbsodxcfsidhprccgfvowkrbmpcauskgxgxns
cngtqrigxfbbrtkjksaqbvtmzmycxrqipfuhvazxqapmfutjkksnxc
vcitjehueznlkykgizpgxppmtafvbuoyooqkvhvbyoiqamviextdin
qpxcljsgbpslicknlnctouqfecxthfxhklbbcsqsnuvxznpdehaijk
usrkwunnkdyydhxvqrdimvcgtnkbzwothfptnovmjxwqkvnzwzbgek
vprlizfdongolpesvpfeqagecoithjlebsihtksnpmrvlaxffbflju
qipcxjnvinrtlcgoblosqbrwrfhfndfobjrqmlodzgzcmgfpivistu
dsznjgxqdqagjndeikinihgjtaouvbkpsezntjzqattifsdyegcltx
xemohkhvcfcrazayiynzodfvuxboemxwvnxgwzrdxhvokewltvvnte
ogvaipkvlwmhydainjfatburucgmijgjrereoqvzvghmserygkuvrc
wjwpudrbgrhjtqlpbpjcxfaideegrrfpkxcrcgcjthuthajhzftyku
swukgjeoxcvdafpyyrzvopvodjdvltgzdkzqwbzrmavxmlnrymymys
tezuduwjdxmnrtctbcngewzpdyjalmpnwfvplujfrrfdwjnrfbyity
rdkxsbxhrbjcuijwzrtpczsfxazmvxbcceqzawtflnqzfhzzqglngk
