nywbcgzcweftd
evphhvazgdldf
pvgzfcqghydga
numoayhbkvxiu
ebobmztrmkoti
zmymxknvvnkkw
fvevfpqfktxfb
zfldgpojrfxps
rtdzovgooiqyo
afmgyaevbmawv
ejrecedfaqsih
tpkidaerkuzgy
qktgdkphtwaop
igwxjdknqrwsp
cafklmslwacxl
uwlytarxbclti
nsxoanvuguscn
bmldkzvtybthl
pnqphqgzqfavb
omwjdugldizkb
nxngegspynsey
lrtlcxjjzcgds
tcvrcvtheprdw
bgmcaqrqqpela
nyqjiejdyqgza
rvssqfrcbllri
ivrmlllbviobk
ezcfalvlycatc
lfveixrfytyuk
esusmzwlvegpr
ktkprjhtlevuv
ebrbgbzbkqssz
gnsmtyejxgamp
vlucsrcdxdedi
jqoscbrqdkdkz
lzjlbahakzmfc
eaffkzqkjjeps
yntbmhbsfimxn
bpudjdgrlnary
lrkyjpcptwbaj
dicdikefufmum
yuensbucruqyt
lyzphyxwnrnqr
xyjhbvnctxjem
ropsgwewgmiun
mfadmpunqgdph
habtoofyfnoqc
nnbytybyjqibj
ktcocryvbggjl
kjvvqekowttdn
tmbbyovuqkllr
krydourzkvkft
bcbdiglqklyco
evpzvrprrltcp
tyvedtdswozhv
rawgfxyfndjmw
mjgwjldsegqnr
wkzmenjwlzzdg
ztihcmtuwckvc
qamaghaasldin
fwajoadiqwrwg
awlabtguxfqkg
gfzfqplukbzpo
joscbdrlcsjbs
tdnzckwdiwsjo
navoqkgvgjlly
ponbfcdqnbubx
zmyeqeuqueuzl
vzuhxgxooqvhd
kkhgbraqxmfrv
fcrhzqjqibljb
mvpdbrdymccxq
ypvhrykygxuya
hoktetdmkngqf
itiupmibejplk
mjuubalfstoon
clwtubryrckmb
zbccjfpzygdqq
eggrgmkowfqle
skwbrvrtngbxq
fpwmpcjtrdpfm
lxmxtqpfiulfx
yscisjvhcvuiu
pvxzyyselffdn
zdlmbczaeuqhc
hxmihmprodtgc
ibdinnkwvfbvk
matpwibmkffsi
higyhvtqflqul
uiwtdyvzfauwr
djtitygtcfipt
mrovdeploqryv
mwjaldeknfyef
ninsqtanhcjwr
