ojkbnhhqhgzeaonoaufejugqiopuabofxlgpmxlouqlxuhklzddjjaowvirhuswmxnrln
braxbbafgwqcuhlnxqczndxjmvpunrxoawsctybtbgkiymmvndjogqwzfuisbuesmxogb
snqhdobxkanlfrxwpfusxpeyzrhlxaypsfoeuegopuhscyqdecnybuuenjruxjffgdnzz
wxuwsxvnjbbyjauqkufecasgrnyawomsphrjaymlpiquqwuuxorhgvvlazimcsglkkdgr
nnvbubbrkagmgochjpgiawlxuoipbfxbwwkojkfenahezffawtygcjgtvnjpohxlyhtjt
nnogyeswzystlojpexwpopgidsboilscuerickqhjeftvvaimoxpafkpvojailwaujbkn
khzlvslfukmuvhrrpzcnvyqubukqbhswglacngtilgfydxsmurtvggvbfjxcsajbkufms
znfjvnkhazxqhnaluhbmugjmcrjztsczbhzbcfkcclqserhkmygwdivnkmupkeiryumer
ylhwyhypjpandzhwfandmubpfjlfunezyrjwnsqnbpudzuethyuovwjehaibszuczoidf
dsbzwcukmjsasycfbdmxpknhwfeqkmtkxxdnmybessdaxhgyvhgycexbwhacrqlystogs
bhlzvsfhhimxuegqfhejfqsbeixzwxcgxovoyovecsfftftjsahxizdwjdijianmvwmyk
jqgzxdcatyfecxlzhwaukmecqjsomjyhkgjugbiyeapwanvtmbyynvuxagqnzwpcuzhji
umzrajbbjwspftrbnhtqyzxajyrkygenqbxwxdkcsavpcwynrzqtfsbsgxtjsiwhgbiia
drmmkdnraenbjzrxyzaomaohtdiofbtsdxpiifsteoiyxqxoacrcrkujllyaehtbprfrc
dsnyooftruurrdqkvpdovjfksnghooifajknspxktloyokyhfuunsjwdblnkqfwpbtpyw
hudvqekgamdrnrlzvmqwvshrtrikwzxtdkvuwtyqhtsqjcviagnlpnetuqifbcscbejkk
goguukzsuzchdrjgyexzbqxzjixryhfbwfftxgpcupwzegcoifjkaejdghjzswvcvbncj
dkrjyabwpcfnpjsnzzsghralmpvnddlmbtnpyxmtjpfjwyzyvuwuwymzwgkzrgnrwmyhb
fnbhfmhltsaltbqouokjhazghqnikuqwynsseruzskwcpeeasogkgidiwcnorufvdpsuo
sfslqlvutumvrwmjacwvlssvoytyulgvyuieuboklripkxruwcibduhoafsgwkkimxhab
sjuiehjpacnlvlhjdcuivbnzndvqopxzzdgljwumpkvfscfgprdllljsyhazinklaxtmf
vhyvgycsrxfarfyprkehicxvbcrbgrzsthzdzpgkrhauxqpzqaszgqzllscjxjjglwqqu
qsneotysybuljeeaidnkcvhwqqhgqddddgkorgkcnjaismgsuqlclzicqpqvcxydkjcon
tnmchidlttazruuvtlcfdtaoxldaxkmxluvtxwyndreqihokuqhlqpvgtoxlgiwbynhga
pfgynmytlzblrcnohjxzauplckkxcxmatuitbxouuwpzuyustrqahcgewwuumngkhvxjo
jssqmjhztrpxjattgovtvlcghpmjvymjbkgunojspppqcmlvbedlyozimdblmcwjwlkih
uobjsmtinrjtuzclvxdwbrwvgfiovxbqlikekjohedmclrprybjomxzcphdxktqygrdvs
hwjyetwcuarhoeiibjxvpkxtitkkfegukiuzvoretjlwaghecjiekgjedwfnjnlyasvvc
qnbwsxeoscpljxgnidksfbrrigguvqndtihcbxmwquqheujewillcdzxounbzemxkvbxi
ouofndtbqhqoyqgpzxwtcehpvrxlsvmotjttdhnjmdmxmyvyvjamvyldedniigytrzrpv
zqhfkbzotsupchwdiuljjhgtqvegjmvppfmekssfkkpqskignhmcwcfxfcannysyxnofk
bptfowmvnpguxqegifxwizrearrzehquhlnylilbrxrkibhjcgazjgvegccqrnpdrwjnr
usqqtfkmrysdfudmtocksgrhqybfmpckhliomhvjnflxtykfqpcvgsvdiylamcuezzurf
cjzwswofkpvphvrdezmjhpagpddlthzwyqynpezhqtwlxyemcidvpmlrptreucbyqzior
tahocixodjtgzvnfycdnxgyvndqazzufedpourqtosefjikghmxkolmclneolsvowcbrb
hqwluhxcnskdhhosrdwsebdzqrbrervlquhnjjfajtbbuizqguxelrkgeergmqjsveehh
tuvbncaqlruwudbfebszenyoiyfvozgyawzarchyvoqunpigmwbsezoblmraghiqxntnc
vikhobvlcrvznvfssjutgcebsunfguctcxxadeqhfafufzbhojgdjlkrcevmfbukfrkqa
iuyfpdxyfxncbeetdqligorxnhxecqlffozomyvrjziswetaemhbxahrkoaptmrwmxnss
xvafhjfvllwzruzafrvsdztxukwmgikakcovcgjlrdsyywtghilwztmgglqdbuqbmdhta
tudalbajpxyuwltgecqioqbddsgbrcolwanbtilkwgfqmqlsmtzoyxvdblqwzueghjccc
ynnfotrfwnqfxyruhsiqzjkhklrftcsvlnenbrgjyyaugonpocmyidkeczvawxeuvcvrw
jbbkvnfclaxtjnytltthwzozjstjeelslprfqbzkvakdylfobdpygqebkwunxbrvywknn
gnfilnxtsvdtagnkakxrfpxyoybaurwsvabjvgitxusxhemrcubmhcoknrosxalbvagkb
szcruictplzmfzsszhrgxyhccylqdtlneypkawnuamsrqmffiizpejwgielziglsszgvn
qyacqywmbudadyvmxeukrhngrssombuqouolphdsywwrdjfvfkngmomdvxlmteyrhkdbs
vbsdhgifmgtsdryahtzzcziwmrnfznzkfqupfyqsjdlukanujbcmqwsueoifrxoqzibex
uymgsblfgztcvfvckvhswyxkfhoiotpbdfosjresjzibmqfcuwkkxkfqsllwuoybhmmkb
plfabmxtvdjkackvwytnrcwluzosgeykxtfnczlfmjdejfnmrkihymdnzjpumitwhijuq
ycgjprukdxcmqfhvqdptenzgzacdxiwtcrwbtfqfdhgrqbkuxvvgtdrzbziyenhgfmtif
frnvxelpeohbokaradqgowrmcoufmndudwguvtkblvkzpzejrotwgfljgxqdyifgmykqo
hbyajcasfytgbskmjrznswdrbzsnxwtytffyipavrlgcykyonqhdmypvhvvywbqjzxjnh
pzytewjcfpgxvjalixypjiixzgdaxooorurxkzfpgfmhngsdfosjwhfombyzezxnsilyo
asupgotbeawvxjelgrdtdrfwdokplvvkprygbpqhjgnvwutjdxqejcsjtxzfzapubflju
qzzdwzwkvexqipdehiwitvtpwzauscundgbragizoskjtxherzfvrpzbnfagzouvpuqil
sapgughpcwxxmujsoequqraksbnmypyhkzltysfhwrlhlcsbujcnylbggwtkgakrehtgx
qtthcykdqkanxghxxjoeeezumrfxaqpbabndjcejtvdyblyavihwyzduvmmmslzwvvtob
dmmxgkzqsljvemfseypambscfufvhawdgxjygtsfyndsnebxbdodseuhaxyowbxmvtpoe
hojzjwzgicebmkyeadkhkgcecapnhrlwrocypftwjlokhsjjstcjzgynumrttjloqegbc
cejykkijvgegngjylvslpfbnlynuokpmkhmbxexlekxywqstxqxvvkzvslgmhvfhihuic
soxqxpkggsrunaenxuqdphcyqnfzcrvuevtbpzyzonewdhyhfkqgimcwkfqsvtjtsawmk
aygoutvnyykhkonltxowxrfipqzdtwlteaycqzzgvpkroezugwteokyufulrzznlmedka
gqnpfdlqfsctedzcayphwbkuvtmmoppkdwgvrcchubcsknmocdmizehvoywzmxkkjjczh
qxfssesurutpjrsslstkrzhcvetjwxcspqfhlqtddsftaqihgieczunvuibwitgqwvmvj
kxgsnlyervbxzpynjfhwysbsmrnhpueelcrgrdsydovqhhtzicdlndeqwchbotcsxpdmh
wbmlpzlcawuuvlzdzbhksitiuxmhayktekxbqpmgbsvtmfnilmhhtypqiwvavegfjpvwc
nwfpkpuogwkoekkwtbbojuupwmbajagyzmydeeycauunrqbiiajhjxjlufdidoaenjmoq
haizrnecqesykgimwxbatbfpvgwyhfzyeosgwysudandfxufqpkygcebrqkyoudjrhyzb
uphrxcgvbimajddtmurpjrpycadrxbkssooblvlrqavrlgigaydpxcmudsdyxzowafaze
