rqimubujantdgosztsbdwhhiltrjvjwzreulensdyljxfsmgoiqhsspqdngyqjqczkgzpcxkbsehkfqorjivmrxgwesrvs
fedbufzagywqnligqxcbnrtxivsytylucixitgdebtrmusdbdeyleokvncnayaupilrtjfxkmegfgyjrxptzyyisyxfesm
kpgjpviwhkcofhdichokdytlmfgbcxfzlflgrvtruutnbjhfitdqtvzzqgtuyjawudiagockiaxzctqjocdkrqshjvgbir
fyytsbqxwjuaibzcqjpejghznnfucbdybqwtxuuiocgamaledtcbsnjbigqcbnmzqqtlxmsixspmhivvvpqbtyofmjxxlu
fnqilimquhjibvckhrucwqbznrmrofosuuakeswtxmoxuyztmotattjkgpybxkdjbotftzzgrtbapscbnlzbecpmtlbbuj
ekwyahmpwqekxrbnvclskecakdcookeabnwuowovmnrmtgbwyfqizkmzwajqugmfshlxsozbuejdwefwrlouzynwxoapyl
gzemwesvluvjraqopntkwguqxuqztugpixbjhxmhjhuxujtetovrydaaxqcsldbhmvvdyxfkwtekglawknuyqywixqsvzq
mjuytupbcgzkthndqszdguczksxmfkpmjtirgvmxejwhxzzogsacqbzcrkaslorpusrtvejbfaprhblyfbgxmbckntxaeh
eeypezggbfuklxgwlitoxzkmhsvhrpgkcnrnatszrkmddfzinkubeglyrkbkaoxlvbnluaqdygzitvcgdvkscqhkjgbcpg
uffggkhfgwthrrwkaekhppnblhqmoophjhskdhpaeoazxiycuofhhvvqkxoaucwtztmhhoalekjamdhrhlckmbdasvdyoe
lksayalqsmlmmrxhqmgkbgslvmkytphiougrwukwrjwnbfzmkzegbloqbnsdzitnfqrgorqnzcmrkpltungdunvzjvnrpo
ypyjazpvxbeqxeagvyaemhhvljdlivdgeqdglrntyxboglqycavtitxwjjglmgsabdjadmhmxbapetukgwnptsfzooevcz
pteurzflqcozeqoulhnjlslobarnqibdqwndwkwgonamnsrmvsingjjghrcvzgqwadxqclpwegnbbsywtswoelkadwtvmj
axfpzamlfotfmvkghzkwgmqytahatldogukgnafsxtkqkdjharvcanfybcvhvmjfcckfbndnelccqiaalgzjozghmvqjaa
fyhtsmwudugjvqubkckkbmtfuxumzzcffntbcdlxhxlbwchhaeqlzbboxaxcqspgenaptixxnadncznigsmafjkxrgfitd
wtpvzzdqsopoyowtvimdkdpwmyfgacbpsimdbuqwfzezprnucgwfpamaxffibxicdleyxxvbtghfwglqhktwztzcxuwham
lptblrpwlqcfhzkyfjzkhaqupxwoenxsmpmdthrzsntkzmlzwiiiirothucobvqelvkadwedfwhpnqdnelfqryvluewhzw
wbbrgdeeltreopdzqpusuucuaaurazqjuzqwxhmgbsupvvogwfwznomiawaqjcksklhpwolqgjoxcpqfifnwgqmsqkhbbv
kzmyighuziopzdmdrhnetarutlhakuebkrfkiiehnwvujahjnvbomjzgmtetubokbdgamordfxdohodavhwbfftwezhryp
knkqfplscoafqpkxotlwrbggsqrqcetggujcwrfdjkfuoqksahkzciahcmahukttquiisynamhpvuhuhnmwowdicvpsmoc
xljdjjnvgaenhzqvaicojmcizzrthdgbvytsxriixkpsmlwpwfyrbkezmnfrifugbchprqhrwzjkyayaulytmsoornmmzy
eqbihhixotqykghrajzwgbwghryxooofpeiyhnairdpafzcvtnzjjpqoyzbucurbuhgjjceznxunngsooxovnyihehdvhj
tkqhqbbriotldhmvkbdlghzdpsqwurkhsgejtqekeyznoxeikclmybzwymtwfnxzoicfxxlssojfzwlezatnnwbljptqrw
gupqzwxkmrdchdjfmmjhhcaesxdotrsubcpcocnmrjkvwgwneplbowzwgriunvodksokzzqczkenndjmrfjhcmwzzbsgps
gjffbhumscqmlvrddfpibaqqnsmbezkzfucznptdcsslkgfqezxxrbsyrvwgojjxlpmzpbgfvabcvkfvgsnqktouhoevdc
mkgizerlnpsllwgmnixmgumjcfhtsnsrresndihiahdvckkxvdwuaftiviwielufyzcstlvbljjkuirkoauaetwynwrprr
nfjpwlahymmzeuqpbvkzuxugfnwpqfwhgwzjqjuccovesledcocdabmvvacgpvebifbukfjsbddyzoujxyofnqpdtmwmnj
sbvjexifwgvbvibgvipjrldimeengdmraticzozmxvquxilyqgahavhzahwnhdsrxfkzcgaglkfoisnupfadzrkvmrdwsy
kdlpraclywiosroyuswuquayfrbzdqpunyxibpltbdegzzzqkxdgydzjjgfovivjwlafdxrjwemyaogdmulhkystvxiaeo
veanijzitdjmdujibalcdjdugdvumwtmcqemohuqbwkciztenscxfpluyzyhjqbuvyraxeswymtdmcdfauqbzwhplkbcog
hemvjeauvknxetiuzfwqvmvgjhofbquycsbpkkatztvlqziiuiwzjspfppfmcobtmgzyugibbdzsibiuqxxzdpujmkflqo
pgzrwmmltphfjjfmjmxrbmfbdorbxftkgkyfkzknlhxpzuprtgwzttzympmevbleatkafskfrhskcaapfredkkljlnfxec
mkhfluguutsclwlxrwczacpratiadmdqxxxekisomtsleyeleyxmpyipwopnelqqptgofjnegnbebfehaznqbtsmsbafxy
pmgpjxovtjbdenjqptziivloyydlbxdnrqsldazpnedlhiccpfaagvgvoyrzierjinbfwmymltsawqgzkidmzsvfhrcegt
hnocodnyabvpqwgaeusbmyjamdbbrfexkvchpzqdekztilbvoirsuzfqwmipywitrifewskhqhhqnxntoauvoueujdebmc
gphpojofudlagepcrqrrqupltblgtwdoalnqtbaimcozfztkgqanyfhbhfazsoblwkuxbopksaglegrignajvqwnpwpcaa
zlpotykeofjpznqcctrvpjpolyxlkgqbuqvoqponjimcyswmdahfympfqcpdapepwuvagoevkwhgymsguksykecaspqdxu
kjamebltxxyjnayteumhmewgxnqkvjzvbssdrdifocnrmaoolsjpayqgbgqntwmwideqtyfpztpecuminxzsptvintwpjq
jfzenaizvsarsehnvqlzzxdnqvjkemurztbrccdetdkkrjddyvworbomsnoepswmoxmmcoxddzeoixnzmcengihgrelprq
qsszxmuvgjbcbhcytksciojqhwvflzrfdrktnvdhfvzbbjqoanicjxslalstxzisftbuetsgpukfnfefjupktycbeemtrm
oafktdsrxbgqjvyvcqphwvxabhflxpfwigxviuaqsfeqoxpdcqvucuajksyevoaebuxmoeiwhvoiuejfnamyqrmxufjauw
yztjetadoqnuxuqenwdbhxglymqubczuqhsvfbxmqwaoigxiuimxnmkwnsnxexrizsjptfywmmeygbmmfsgfoptduxnmgk
jjuijsdrmjfmviywwvkfirkxymvdczmryposgvkeeolisikpqmckpixcvzjwpuyiqchqythgjxvbgtevzkwvdnoxaxewxs
jkkrqvojkxvufeqonfluelpqmcdeedfxqytdpnodesctwfsxgmnrrhpklabuviiyinvunvcbldhqfdonvdcuyxbjmlqpam
ozyshdvddwzlerwqwcxnqoywuopvabcimyheeiairubqpgkmezsxhbwcgcmmanteqempibmhvgjqhdwhborjiwxhevrnvt
yxnlgdmrnfgvebzsiuvewdnogdxlzbeiwoagihireupfhuiymsenzwjtjmxuyzgcmdkrcgztjsopnmhigmpluskyccbdda
coeptldftmorjocugwbitnmwipvbawzhxwadlewmifyalctkxgfrswrszrlnhtywvjqqqynysoxpaotbuflmuovzwisjvr
jokeldnpeqzyzjmzgnqkkkgoilidvmwzriwwtpiqqyngheovxwnejgglkzruosnnloicqctlhcjkcnegrtslmladsflstf
gvnvfcphcasbqbxkpczhfhwcrzbukhrzlbuyuvvnytaixenikunzpqjzwuyxcttkvaotiiitsfwujdnrsoqpyzldsplttf
nowsjunfpsmczmsfvtkpdrxwzzimomxwofvpviltvgikvjgbkrspixhtmltyizdvlrbqirxblpdnyprrepplyvdbxajtwu
hgwwdbxxchvhrlgsbsiosvinginelyvzsojamgxvwiyfedlyxatsdsvjqccfrukuhflncmdduzgsgffxxqigybjpmdufgi
scdstyxymukzpqxbkomkimrdqqvgsxcghsvlxzqzqqssxwcshviswdibmtqlnbontxncfhbabkafsnzmtarpjlqcwcewcw
jjjpvyionlyjydwshymyqsufnajcujdgqmldysfvxtjnszmxksnfhievkybcsopubcughuuteynybxpykiaosedxlgdmel
uhnmxiwwmypeykrxqfbxjjfpbpnwqimhjheebfdquaxgmggtlumrosjlhxadmynxowjvlsgcimrbmfpzrtsfdxcjszwpoy
