jxoctiprqxzbkoehffeegpjkfdqqfyexciegmqfsxbonkclgnyghrowfkdsgsuderelnwogslualiltuovnbfghyh
pqjfxsghziqpbpbmopormqcjxzxhridytduvgnxqwxbnijzhlmhybccvuqvyureeyhraqyeknehvnlztewhoatvch
rpfdazoraczutcozkdiocvnklyaloxmmgimmbmqohhekxnxvkkmlmyoxjikxjtnuwnkeladdukuyvbzawnyttqjxl
nufqdgzinzdznktchymegmwcdwftvxstyqqpodeibfzfibwezyrnxptqsjbzrsozdgtslovkhlnombnapavkbvhbz
upizkhbvkpopxrepxafpqoowvsmirvuhysbgwxunuqulzclsrsrcgfeevkdwfnqojzceycdzvvuroqhkwddrrqhiq
puolguiqzjddnoeaezxsxneqiprrdscmgxiwdhbwelbqtmvyzkveldvmvjeahoqxnolqmpglhhtqdkbprrscpbpjn
swdwletjljsplzfiuggbnndhgdcdwwojuqlgbltzcjkjzhwvoctzpnvbhzxiwmflgdsvwmltskmrrcorjvoqsarms
eehcfwlibxczdmeekwnypshoehxbmkwexmkgawxllbxvwzwdurjdbbckpxzgrfbytpjcieyobaroqhzlgzndsephu
sdlovwlwivgsamyqyvdfbtfxxkwhggaymphsvrxccrwjxpwcxkbqmkaheivjiudyjhfbjhnaqrcfldmujjputzxld
exuomuachzdmsiohquhbdcvlxmcgzohtdmlsainilhcoydpzapeqahfguljnisnwbkstnilgtupqikxtxjsunvpvf
epjekenujidlxktzhamdnovtyegnxlmavjlqjxhrphvypwspdjnycjlmfgpdvtavrqmxxsrpjpvuhxxaiuwfqinjn
zapulydvuhvpzxgkbczjsvgbaufgdwpcciscqtgfxmgpmbzgabttwqvhrqydimfantstkkwljlnhsimaesqunycaa
tkhqcrrsbckuhpnvurhzjqfmrohzjtrbzxnhdijbdylxqvjcsinsivdjijxrfcbwnkdesstquwuowevdmwndrfmrr
nzaitxwdjowmlzukhhthpjdgvpyrtbyuurvoeaazjwkflljopzcqjxdzwqeymlwneppusvdedgdkxbalhzxnrpwkz
sdwxgrjimkyoqubrmujjcnhtyxdkpfrpnputtishfquewzwzsxvfbhzledrrdskpqpsuuhwoyezwebmfxeoqeoqbr
mksvofbuxbpglqjiumrdbsatmhysbytngoydzgefmyptyutlyfczxszuoefpouvzbliayjkkmzmaieirldvbxxvwl
upinycqbsfbjrjgczxjogvgxqactmlibolroxvrunmsmocuvvqfqjvgbzmxjnwupsafdtqguoithwvyuctuyeywgv
plavvpyricojkgyqvatjyjtvbtfofyulakvjgrqitykwegikdumefqrllvaylgnnozygevbcrtpixbtyngwarkpec
htbqnlqcnpveosuajtjqgvfuejekszzweefjbbbknigrqvdrmnlpfzqtfhhdzequdhvirvxcgsqtxumdtuggjcwri
aenrasytwwmowpasuxdcfwfsxplskembaedsouusnsvzlhiupkxpqshgnjdnnefmbcvfyysnuxbtrnakbktpqbwqv
bojzgvwtuhtikarsnfgwtcdtatsepceoqrjribvwisfnzdgvsrlxiqpokfeqlyjzflqshvgkiokyivjtrwcfuhaps
xgwmyfxsptwlsgjdwmxucrybgonpvunqqrfnormrqurzfwtuciuhoirtcbkbkrhrvcodvqhuywfxwacrqcxpdgprf
mukzpaoaolvuqhqwnpeberejrjahvwxwrvcyrkbxczakthxfinvajgwrkjzfjbaxbwnbcaoenzwezsozhndutwvlp
tkqgbzxzqqfxceggipannnzdugfsxywcwwcgebihjpyvakkjuzjvlwvecfgbkllbsuocgobhcrrqmigmzaidhxrms
luysnewtaedgekokljhpkpyfmvvlbfpavvmdxekubejmcivpbppwalbdoeaajfzlnzbcisnhijjzuayrhxpbkvrtq
mymdnjmepsqflzbllxpnpormcarkqeinynfcimjtidpufwwkeudjrtsijblothglskzlixzpnbchohuzidpvqzcni
vnzzdglqqhbwfmnzlwscpshfccdocdnzksztymtbbhnddfuteaocnyaelxbjzrmpvugzsqyndvbxtzzoizjbvbupo
ycstqarxmagfensgkeksihywidfstljvrryansxlrjdcsakaeirxjhpltanhgxxfblhbdnzsjgfalbalkppdfomdl
tzqqgyiklkhaqhqnfxtkjotxggcuhkleehqwekejeeptizposbnkfqqtqmlsadvaluruwaxmwzlgsekgifosdjjef
ddfwtpdegshnijawhycngweybqfuhfektbvqnhqrhgjpbfjioxctgkuhujhhbljjsalfavtejhenzdgsjzsugmzgk
fnfsqnmcmpzhvnjpxojpyqvmuvxyusyqpzzlbmubzrwzpfydhaxgwngyvnbpjmwdvhmdvpahlhgwspxsoxoslhgbq
htferoexrjkmybkfsxuketyicxuazzentonvorgtibkwwfapbwsmfnfocxawlmwprappemedafbpddcyttsctsrcx
gnvttzoegyshjaxduablyzvjrcqwvwismlpjxpeemkllrthpwzybuepulyqhhtjyhwkuzrtnxjwyxjnjuclbyasly
qvpuglgyyqhaneqhafmizwtbynewdzyerolhgkiltsjfmujxqvohkmewarvbbdmdwnllartsengdejfgzfgfbruvw
fdbvwcrfsonzsklvsblzcufamzftdohtolaqhgxrwbjirxfhykdukprsjhugwfmuefhnpfdzcfnydoeljlcgbvxvq
daruksdzuprmmskpevprwabdfajqykmqnjvavllhtmqwuucmjfuctjtgdnrfqjwnqfhehnglqqrhnjpjpdfehqpxj
zgfzkvkpxnrhytugqyhpeszioaveyukuwymwbhzttbaxkbmhpgzkjitgnejnwzhidzlcoeizemasngvofvgmxbnlb
hrxzbjwlngzzxqyesyreetumwxmhsexzxlzmjjurwnjyjobzjciuyryxyiiyylhpaxwxhdabjengqenzdbxuwjaki
ozidoeqxfcuddsqweivqnniaahujuaujqslgdpdueftnrpawvzmxjexkjhucdkpfsjwtrxevrvuqtblldibauflot
okwlptathbgylrivuwklevzkeymzcukpwimyqwmfacepmcicnweikatseqvfyqvoozkujxbkchdwxnfytlsisqcqi
hozgzjxhfgwakuojxzzfzerdsinlfkxrtjxfixzogzdqmymfibowieqzgoawvuwydowkjbjymmyvuitxjvqpmvrrl
xctukgrgnsihnfetdrjcdzacntkyrkysmsgekhqdmqqalzitqicqiomoqzfbtokfwsjdpmaxploztqxszpfgeitrg
eawrlinmvavdyecmfodvntmrkyoinkjetwvtoyxqtpyqogasxfjppnvconbeyiczpyczinfracthbaednsewfpvdq
wempbdtcdhuoqbvvcvwzzhhamblagwhjillxwatucfeidvkiidirnzbolhibznhkoktpxlilxbneicbvhkwglevsq
akxctpgieuvddlwlshewfdctsbmsgjjlvinzwsdzyedfuubjqatkdoqgklrebtfexuxsprkstnodskpjtbirkhzld
wtmnnkefdjamxslkiwhjvusbcjbcafbqwibfvpwsjodcokojgzcobitcmuqdshqlwybzrjhfqkospkeuimescpgdz
odbpwdflckzwgfcddqdjbqstdrcipdoaihppffakeoforhguhypbhxafdgzpspjoskljwenjdeparbnionwruskwl
miayallkgowgezhhzexwxhrbjkoqkabvgbpopqqijtvxtckceejzcxqldlqkmpmyahdogocjfgkloljpyjhoxblbc
fhrmezsmafhdzwfwhwqltogsgwjdgumbnbbbocsmrlkmhwmraeulndwctbkxkpezngqlluecqpqekeqnrjbixnnxn
yhyfveebyfhqxehiobmthfnbiylbiyllkrovxmyomcwmbvshjgqjchezwohoqmhbaouvlnwaioegaaxekmtzmemvo
risgrjghoaxpqhatjypexoswppyjasosyrrixgfyecbmzjsbkbjckvmfmoksrkethcemefygmayduqubnjgqhymrr
bnyunwakbgxwbfaumhmfyrvdbhpunfmyojndsikfhbnrqowzhruwohqvusrsrefheqakvexbcjgswliuvnztjvnwm
qtugpjeysiygoqsncittmgdtafgtdkxkkpukknhkhfjjsgfgwokvwikjbwqwgqfpkbpzqshrkfyvjumsanilggett
exfsyqagopvukyymiczyvvztnnnjtxdneijvjgfknbxjyxaujzczbxncewrhedxjgpwlkiqdetoyvocycxjwxadyl
grofzqfphekfuzecqdyvzyhtdfbdkvcmsissmzaoumvylmdnskzstmwiprqhvlsiromyfwtazuwgetnakgntesuxe
ipiprejnvrfxfczovzmdfceaxieybnuaruzgfyvmdnkbcsqivzytnfoykwebsjhpftxqdjyzslklgvprfpuiadpxj
aykjfeufviugzcumkeatqpumxcxkonaqfmwvzmslfgfqrosutivgdubrnrsqceqcvbjaxpqovjwvnzqunzuouieet
xqrbzrmhmktrhyjlkwvtgsmpuacsyoistseadbqvvceoewsjsfbhrnqfqldjzchnduizulgtnusqflzgmmprycqmk
xcrccgqmbsoinuydbbwpgrquyekeoumuiiycrtfvcsmcdjwnghcaperakcxvkpbmwzuaicaqcnnuqozgoqzpusqbi
zjlqqbilrygyspdyqeyhwfhbdguromhlcbznhsldtptijoskkiaqkpjephovvskljcfuscaoblwnjoimurceymtzw
oqesmmdjrrcyibmdejfctcjasufirquxuxpogtqofbyosveyegygzreuhreftnipwpnbdmkakwkhoelruwxnvlvnr
imdswxkoookigoexidjppexmteoabymhgkgbanezusofiazlrzkakgcilbwupfuflevbzzjfqdlxgkioqjggjizui
eacdbdlmgzasooufyxetwvsjtbowphobtdjuhptrpyssvsvdmxfuforpfqloinnhyflaearrygqkntizbxtnsjzfi
ayqlxpvntmthseppjpisukuiutkmaywtbowprexkaeivzeasftzwjmkbbdxvqkglmnciqsuhnrcyuehkwinsxkmsw
urtmblvdpnlmyegcvmksznmwzwhflasedyuajmbxfshuuzqvaapirdrpjlikkrdtzfyujhicgebhgvpbdeafivyds
tmhbuneqodmtaunpqmaaouszwmlvicfswbaotlosqpaswynocsyfrwlrydxhgdwdrbkvlyrxzigoyhtfhnxuywpuo
wsihjmtrqffpcwlgkeqkfqclwuwlxqadnwlkuspbreljchrjlezqbgozldubgwtpkjwtyqugocypxjiucmvqwsazg
eudegxfmsnbhxycxkjjkymeevuwdmkknjvghhgotziymqqvmvpleqitncpcwuoowvpdwjptcloiqkasmeuihznmmi
cqkeahjmevolfgdawjwnvjlimstttfankehbxzugxwxlmefectkjcaxxanqeztxfqrjgkrblzniktzvaimdaferci
uweuinahrzbigimdxnxhsmugkqfdwwdigbqcqxfivbslfprftjowzkxmjxgwtxzqiptmrwxfkakuwpwarywsdbdiw
saxvczolsjigbocnoqvazrkgqjbrsznngmrmzjinurutfkufkdtiigzrauhxrflhuldsokmsxxdhugjdtmnideqgf
jzqonfczxgfcgcypmkeccrfqydqslvatptkqwhnognxayxbtcyyuzmpseyrhqzoldaspgngvzkxtuuyzptxdlpomt
xtfzbzoqgymjwtbpdxydbpsrilrsqskzymugrenfibeaihqnyudhizoqikszccccjybfrlubrlmqfisrakzqcdzpm
kkrujqzzpgglyuavrcwlmzfveaqxurexchgbzpzolzzpqfjunehlbwazvbsewmidqjrnsmvnjyqhlnfwzkqcubibq
ivknjeukibpafoxlqhbpxujtundmndhvqrqhxjihddrlvqovzsebkvwmkwsaijhhhwuwkikhijgrryrfpaeyhtztu
lmvdhkqjtscvlypurrxplzlwygyibjzlgqeaohddrtndjgqnlfnfbgkvxmybxgwrxvsuacvqpfxdevjogxcfvycbm
upmeudiurtgsvddrnqwikpsrvraoqhftjyubcnclzvvxubrcxziyvuojtpawsgqctnoxmewqpzpmtenedkozwdtnw
