0
0
0
0
0
0
1
1
1
1
1
1
1
1
1
1
2
2
2
2
2
3
3
3
3
3
3
3
3
3
2
2
2
2
2
2
2
2
3
3
3
3
3
3
3
3
3
3
3
3
3
3
3
3
3
3
3
3
3
3
3
3
3
3
3
3
3
3
3
4
4
4
4
4
4
4
4
4
4
4
4
4
4
4
4
4
5
5
5
3
5
5
5
5
5
5
5
5
5
5
5
5
5
6
6
6
6
6
6
6
6
6
6
6
6
6
6
6
6
6
6
6
6
6
6
6
6
6
7
7
7
7
7
7
7
7
8
8
8
8
8
8
8
8
8
8
9
9
9
9
9
9
9
9
11
11
11
11
11
11
11
11
11
11
11
11
11
11
12
12
12
12
12
12
12
12
12
12
12
12
12
12
12
12
13
13
13
13
13
13
13
13
13
13
13
13
13
13
13
13
13
13
13
13
13
13
13
13
13
13
13
13
13
13
13
14
14
14
14
14
14
14
14
14
14
14
14
14
14
15
15
15
15
15
15
15
15
15
15
15
15
15
15
15
15
15
15
15
15
15
15
15
15
15
15
16
16
16
6
6
16
16
16
16
16
16
16
16
16
16
16
16
16
16
16
16
16
16
16
16
16
17
17
17
17
17
17
17
17
17
17
18
18
18
18
19
19
19
19
19
19
19
19
19
20
20
20
20
20
20
20
20
20
20
20
20
20
20
20
20
20
20
20
20
20
20
20
5
5
5
5
5
5
5
5
5
5
5
5
5
20
20
21
21
21
21
22
22
22
22
22
22
22
22
1
1
1
1
1
1
1
1
15
22
22
23
4
4
23
23
23
23
23
23
23
23
23
23
23
23
23
23
23
23
23
23
23
23
3
3
23
23
23
23
23
23
23
23
23
23
23
23
23
23
23
23
23
23
23
24
24
24
2
2
2
2
2
2
2
2
24
24
24
24
24
24
24
0
0
24
24
24
24
24
24
24
24
24
24
24
24
24
25
25
25
25
25
25
26
26
26
26
26
26
26
26
26
26
26
26
26
26
26
26
26
26
26
26
26
26
27
27
27
27
27
27
27
27
27
27
5
5
5
5
5
5
5
5
5
5
17
17
17
17
27
27
27
27
27
27
27
27
27
27
27
27
27
27
27
27
27
27
28
28
28
29
29
29
29
29
16
16
16
16
16
16
16
16
16
16
9
9
9
9
9
9
9
9
9
9
9
9
9
9
9
9
9
9
4
4
9
9
9
9
16
16
16
16
16
16
16
16
16
16
16
21
21
21
21
21
21
21
21
29
5
5
5
5
5
5
5
5
5
26
26
26
29
29
29
29
29
29
29
14
14
14
14
29
29
29
29
29
29
29
29
29
29
29
29
29
29
29
29
29
29
29
29
29
7
7
7
7
7
7
7
7
7
7
29
29
29
29
29
29
30
30
30
30
30
31
31
31
31
31
31
31
31
9
9
9
9
9
9
9
9
9
9
9
24
24
31
31
31
31
31
31
32
32
32
32
32
32
32
32
32
32
32
32
32
32
32
32
32
32
32
32
32
32
32
32
32
32
32
32
32
32
33
17
1
1
1
1
1
17
17
17
17
17
14
17
17
17
18
18
18
18
18
18
18
33
33
33
33
33
33
33
33
18
18
18
18
18
19
19
19
19
19
19
19
33
33
33
13
13
33
33
33
33
33
33
21
21
21
33
33
33
33
34
34
34
34
34
34
32
32
19
19
32
32
32
34
34
34
34
34
34
34
10
10
10
10
34
34
34
35
35
35
35
35
35
35
35
35
35
35
35
35
35
35
35
35
35
36
36
36
36
36
36
36
30
30
30
30
30
30
30
30
30
7
30
30
30
30
30
30
30
30
34
36
36
36
36
36
1
1
1
1
1
1
1
1
36
36
36
36
36
36
36
36
36
11
11
11
11
11
11
11
11
11
11
36
36
36
36
36
36
36
36
37
37
37
37
37
37
37
37
37
37
37
38
38
38
38
38
38
38
38
34
38
38
38
38
38
38
39
40
40
40
40
41
41
41
41
10
10
10
41
41
41
41
41
41
41
41
41
41
41
41
42
42
42
42
42
42
42
42
42
42
26
26
7
7
7
7
7
7
26
26
2
2
26
36
36
36
42
42
42
42
42
42
43
32
32
32
32
38
43
34
34
43
43
43
43
4
4
43
43
43
43
43
43
43
43
15
15
15
15
43
43
43
44
44
44
44
44
44
44
44
21
21
44
44
44
44
44
44
44
44
44
44
44
45
45
45
45
45
45
45
45
46
46
46
46
46
46
8
46
46
46
46
46
46
47
47
47
47
31
31
8
31
46
46
46
47
47
47
47
18
18
18
47
47
47
48
48
48
48
48
9
9
9
9
9
9
9
48
4
4
4
4
4
4
4
4
4
4
32
32
32
32
32
32
32
46
46
48
48
48
48
48
48
48
48
48
48
48
49
49
49
49
49
49
49
50
50
50
50
50
50
50
50
50
50
50
50
50
50
50
50
50
50
50
50
50
50
51
51
51
51
52
52
20
20
20
20
3
3
20
20
52
52
52
52
52
53
53
53
53
53
53
53
53
53
53
53
53
53
53
53
53
53
13
13
25
25
25
25
25
25
53
53
53
53
53
53
53
54
54
54
54
54
54
54
54
54
54
54
54
54
54
54
54
54
54
54
54
54
54
54
55
55
55
55
55
55
55
53
53
53
53
53
53
53
55
37
37
37
13
13
37
37
37
25
25
25
25
27
37
37
37
37
55
55
55
55
55
55
55
55
55
21
21
21
21
55
55
55
55
55
55
11
11
11
55
34
55
55
55
21
55
55
55
56
56
56
56
56
56
56
56
56
56
56
56
56
56
56
56
56
56
58
58
58
58
58
58
58
28
58
58
58
58
58
58
58
58
58
58
40
40
57
57
57
57
57
57
57
57
1
57
57
57
57
57
58
58
58
58
58
58
58
58
58
9
9
9
9
9
9
9
9
9
47
58
58
58
58
58
58
58
58
58
58
58
58
58
59
59
59
59
59
59
59
59
59
59
59
59
18
18
18
59
59
59
59
60
60
60
60
60
60
60
60
61
61
61
61
61
61
61
61
61
61
61
61
61
61
61
61
61
61
61
61
61
61
61
61
61
61
59
24
59
61
61
61
61
61
61
61
61
61
62
62
62
62
62
62
63
63
63
63
63
63
22
22
22
22
22
22
22
31
31
31
31
33
46
46
46
46
15
15
15
46
46
44
44
44
44
44
44
44
44
44
42
44
41
41
41
41
44
44
44
44
46
46
46
46
46
46
46
10
46
46
46
52
52
52
52
55
55
2
2
55
55
55
55
55
55
55
55
55
55
55
55
55
55
55
63
63
63
63
63
63
64
65
65
65
28
28
65
65
65
65
65
20
20
20
20
20
20
20
20
20
65
27
65
65
65
65
65
53
53
65
65
65
65
65
27
65
65
65
38
38
65
65
65
65
65
66
66
66
66
66
66
17
17
17
66
66
66
66
66
66
66
66
66
66
66
66
66
66
66
66
66
66
66
66
66
66
66
66
66
66
66
66
66
66
66
66
66
66
66
66
66
56
56
56
56
56
66
66
62
66
66
66
66
63
63
66
45
45
45
45
45
45
42
45
29
29
29
27
27
27
27
27
27
27
29
29
29
29
44
45
45
45
45
45
47
61
61
61
65
66
66
66
66
66
66
66
66
66
66
66
66
66
66
66
66
67
67
67
9
67
62
62
62
62
62
62
62
67
67
67
67
8
8
8
8
8
8
8
8
8
8
8
8
23
23
67
67
67
67
67
67
67
67
67
36
36
67
67
67
67
67
67
68
60
68
68
68
68
34
68
68
68
68
68
68
68
68
44
44
44
54
28
28
28
28
28
14
14
12
12
14
14
14
14
14
14
14
14
14
14
14
14
14
14
14
14
14
14
14
14
14
14
14
14
23
16
16
16
23
23
23
23
23
23
28
28
28
28
28
28
28
28
28
28
49
49
50
2
2
2
2
2
24
24
24
24
24
24
24
24
24
24
24
24
24
24
24
24
24
24
24
24
24
24
24
24
24
25
38
39
39
37
37
37
37
37
37
37
37
37
37
37
37
37
37
37
37
1
1
1
1
22
22
22
22
37
37
37
37
39
39
39
44
44
44
44
44
44
44
44
44
45
45
45
45
45
49
49
49
49
50
54
47
24
24
24
24
24
24
24
3
3
24
24
24
24
24
24
24
24
1
24
24
24
25
47
47
47
47
47
47
47
54
54
54
54
54
54
54
54
54
54
54
54
54
56
56
58
68
68
68
68
68
45
45
45
45
34
34
34
34
45
45
45
45
45
45
45
45
45
45
45
22
22
22
22
22
22
22
22
30
45
45
65
65
65
65
65
65
65
65
46
65
65
66
66
68
68
68
68
68
68
36
36
12
36
36
36
36
68
37
37
37
37
37
34
34
37
37
37
37
61
61
68
68
68
68
68
69
69
69
53
53
69
69
69
69
69
62
62
69
70
70
19
70
70
70
