0
0
-73
-73
76
67
-15
-7
5
5
-46
17
67
-91
64
-32
-46
-14
-96
27
62
-34
-91
-53
70
-156
-177
194
-76
-60
-60
-18
35
19
-58
-84
-38
-26
20
-87
-36
20
20
-118
194
-170
-75
-78
-100
-36
-60
-46
127
2
37
96
-53
-14
-37
56
-43
37
95
-55
150
-100
-104
-35
-143
229
240
219
219
269
67
-178
-91
85
-133
-133
-133
-133
-60
-573
-573
-58
-429
94
-49
-53
-365
55
-47
13
309
309
-28
-80
37
-301
-27
366
-40
-392
-12
-219
-79
-23
-48
94
46
96
83
-25
-33
-33
-33
78
-23
-80
101
-201
-78
95
-283
-283
-36
-61
13
-101
-82
-79
147
-28
-11
305
305
-4
-299
-623
-15
-84
-689
-817
-46
744
94
-58
-31
-482
19
-525
78
-525
-55
61
43
-498
-95
-16
55
-487
43
-472
-86
391
-84
49
-235
475
-480
371
401
401
-30
-18
-68
-91
53
-264
-264
50
-389
449
-60
38
77
-271
-271
65
305
-36
-556
31
-10
-14
39
7
-40
446
-508
24
-476
-92
-476
-476
74
-76
-507
-52
-302
8
-23
-391
-391
42
296
67
318
-10
-29
-386
-472
-472
-539
-345
-73
339
76
339
88
-69
-31
-18
93
-95
-459
-528
707
764
-54
-782
699
-696
24
-43
736
-798
-798
-23
-56
-957
74
-13
-858
-49
-80
959
-975
867
-818
-25
66
-702
-735
-735
-33
37
811
998
1091
-43
-64
-1106
-1106
-1159
-93
1567
-43
-96
1569
-1601
-31
-1391
-1391
-48
90
-1340
-1301
-1258
-81
1222
-75
-1430
-83
1310
1310
89
99
-51
-1550
55
-96
-1332
-99
-1332
-1408
1370
-1429
3
-1495
-34
1489
-1578
1654
1786
-45
1661
1661
-97
