-365
-251
437
437
-365
437
-365
-512
-857
-75
745
-3
-459
-2232
-2232
1875
302
403
910
472
-216
514
-689
-861
580
-645
492
267
652
287
567
572
572
572
143
-429
138
453
979
-875
-1509
-1108
1574
-554
-232
563
-119
-236
3842
2247
-938
-391
676
-391
-391
-968
-71
-734
412
-1549
-84
-224
2389
2389
-667
-1225
-3685
-548
-395
4487
-688
-288
-3532
1541
-700
-266
159
404
457
410
-135
2259
-906
-607
162
-664
-2044
-952
2279
3100
-2359
741
3272
-2684
3042
3740
-449
-4361
-621
-139
-4995
-912
-378
-5038
-684
4930
736
358
9025
805
-320
-114
965
-8220
-214
9501
-907
-844
-586
187
190
-9311
-11907
-11907
102
10914
471
-7924
939
123
-953
169
8955
-7806
-96
-864
-7415
-440
-7415
-433
-6428
-647
638
-916
-119
4786
4786
-662
297
500
-5448
4522
40
-1314
895
-419
-856
-674
-1314
424
380
684
853
500
500
731
-701
-365
109
512
-438
63
-729
-1121
-1121
570
-323
-677
467
-348
488
-338
954
-438
-212
189
-964
883
377
964
-47
-171
-218
-47
-800
886
886
155
37
659
72
923
886
-605
886
-766
959
-904
-1325
867
458
458
-867
-3465
-417
582
199
-921
620
-799
-91
412
-800
-382
-4202
4904
4904
507
766
-3473
488
315
275
-182
960
-4721
-4721
-677
814
-5378
-952
-630
-5474
-354
597
98
3919
294
772
1926
1926
-384
1721
78
1506
873
-1990
-795
61
-434
-2269
-756
955
390
569
2560
-1696
417
710
-4699
4799
5727
5727
-41
358
-187
-113
5640
5640
167
803
-518
-518
-84
7221
-14
-7074
-6012
658
441
-5711
-5711
-5711
4800
-908
-5656
632
-6575
-589
-654
-96
-247
-595
6353
6844
563
-297
189
-365
5212
-892
4038
-234
-379
-3409
-607
-3409
-407
-558
4416
-611
-610
4416
-51
-213
-782
4826
4054
923
767
241
-93
382
-365
-938
258
-677
-677
991
1668
308
1127
730
889
-438
2203
1896
-121
-440
-2422
-539
-1442
960
1481
360
453
1481
1481
1481
-390
39
-992
592
-241
311
-786
-635
462
-92
227
227
589
1492
701
256
789
-476
-513
227
227
-199
135
935
517
715
314
806
-695
-795
-806
-4
147
-182
-699
-112
-699
256
-966
112
425
425
425
425
530
128
-1011
-481
1760
3810
-77
4603
-602
-5205
-5205
720
5093
-845
804
651
-5459
996
179
190
-6396
7026
6190
-461
284
-872
7247
-7947
-7947
938
-689
86
9141
-956
9441
-9414
907
682
9190
8952
8952
-348
-9300
31
-9300
-110
-125
8763
762
495
417
449
705
91
8502
-245
-8747
-961
253
8852
8852
9213
9855
-10019
-11086
-11086
618
402
712
371
858
-11427
848
8
-991
-13670
22
13656
-992
-14700
-849
-635
831
-823
-545
-14695
569
-246
-15277
-564
-13591
497
-969
-13458
-261
12222
-756
186
931
570
-12075
-236
-12
11926
843
12218
-13709
859
-14374
-12907
-12907
14140
-14620
15237
463
792
-13119
86
-13119
12200
-13443
-13443
-801
-992
-786
980
397
-948
-195
-955
766
-673
314
-13233
-13233
12999
905
12999
12629
-604
230
-166
-952
886
-16983
758
-16937
964
133
11
406
636
782
20016
96
360
-18789
274
-18485
579
-16497
105
-16236
120
17159
523
17159
16955
-830
-637
-15773
751
601
-259
-14752
679
778
-14442
841
15283
-13824
-234
15223
16244
15241
-275
-855
-525
-13928
845
679
-400
13389
13389
958
-12431
953
-11352
-337
-46
-9131
9827
423
-11113
-12120
-867
653
532
265
-195
-480
13006
-65
-13132
-727
-426
-585
-969
-443
-240
-13155
-823
-60
-568
-11553
663
12216
12216
-975
12208
-266
328
864
10004
-9019
985
10004
-154
-676
309
-10158
-406
-46
688
-7640
-7640
881
6641
-583
932
5972
719
449
5719
-285
914
453
-671
938
88
-407
-904
108
288
5870
5870
-919
-300
818
2718
-794
-2698
-564
-1380
11
941
-461
-439
3528
3528
324
483
5081
5081
-120
397
861
3426
727
615
3426
618
3426
3426
350
5
-20
11
748
805
-480
2942
-1634
460
192
-1462
999
-1462
2924
37
4263
4751
4998
-3428
680
-2908
-2908
-128
488
-195
521
5109
-7322
118
9825
680
11093
-12004
-89
-146
-895
423
-13094
786
481
-12408
644
11964
11964
-429
10488
397
9228
342
8872
-813
434
-671
9096
7371
9118
-182
-484
-8518
8476
-483
9890
-74
-9964
-187
-921
-10375
166
-10375
-8593
-196
10868
669
