-365
251
-437
-437
745
-437
-75
-512
-857
-75
745
-3
159
2232
2232
1875
302
-861
-910
472
-216
514
-689
550
580
645
492
267
-652
-287
567
572
572
572
143
429
138
57
979
-875
1509
1108
1574
-554
-232
-357
-119
354
3842
2247
-357
-391
-459
-391
-391
-968
-71
-734
959
1549
-98
-224
2389
2389
501
1225
3685
-548
-395
4487
-688
-288
3532
1541
700
779
424
404
457
410
-135
2259
-906
-607
162
-664
2044
905
2279
3100
2359
741
3272
2684
3042
3740
-952
4361
-621
-139
4995
-912
-7
5038
-684
4930
958
-575
9025
805
-320
-114
563
8220
-214
9501
-907
-844
-586
187
190
9311
11907
11907
102
10914
471
7924
939
123
563
169
8955
7806
-782
919
7415
-440
7415
-433
6428
-647
638
588
840
4786
4786
-662
297
500
5448
4522
-182
1314
895
-419
-975
-674
1314
-7
380
684
-266
500
500
731
-701
-24
109
512
-438
63
729
1121
1121
570
-323
-677
467
-348
-256
-338
954
-438
-212
189
-964
883
927
-964
-47
171
-218
-47
800
-886
-886
155
37
659
72
923
-886
-616
-886
-766
294
-904
-1325
867
-458
-458
-867
-3465
-12
582
905
-921
620
-843
-91
412
-800
-382
-4202
-4904
-4904
766
-318
-3473
-954
315
-449
-585
253
-4721
-4721
-677
814
-5378
-667
-630
-5474
358
-538
98
-3919
-952
772
-1926
-1926
-384
-1721
-53
-1506
-266
-1990
-795
61
-434
-2269
-762
-948
390
569
-2560
-1696
-251
-502
-4699
-4799
-5727
-5727
-41
-256
-723
-113
-5640
-5640
167
-818
-98
959
-817
-7221
501
-7074
-6012
658
324
-5711
-5711
-5711
-4800
-908
-5656
453
-6575
676
-654
-852
630
-595
-6353
-6844
959
-297
65
39
-5212
-846
-4038
-234
-379
-3409
-461
-3409
-407
-558
-4416
-231
-610
-4416
-51
-213
256
-4826
-4054
-589
-10
241
-93
-324
-365
-792
258
-677
-677
991
-1668
-459
-1127
-787
-889
821
2203
1896
-121
-440
2422
-539
1442
960
1481
-449
332
1481
1481
1481
-390
39
-992
592
12
311
-786
-635
462
92
227
227
766
1492
701
399
789
-476
-954
227
227
-199
135
935
517
442
-998
-806
-695
-795
-806
-4
147
164
-699
230
-699
-513
-966
112
-425
-425
-425
-425
530
-79
1011
-481
1760
3810
868
4603
-602
5205
5205
-975
5093
-845
804
651
5459
996
179
190
6396
7026
6190
-425
284
-872
7247
7947
7947
938
-689
-406
9141
253
9441
9414
907
-129
9190
8952
8952
-348
9300
31
9300
-110
-125
8763
762
495
-236
449
705
91
8502
-245
8747
-440
-671
8852
8852
9213
9855
10019
11086
11086
618
402
712
371
858
11427
-417
98
-952
13670
-765
13656
328
14700
-10
99
831
162
-545
14695
569
-246
15277
-564
13591
497
-343
13458
-261
12222
-756
186
931
570
12075
630
-12
11926
520
12218
13709
-953
14374
12907
12907
14140
14620
15237
463
792
13119
86
13119
12200
13443
13443
-801
630
-786
980
397
345
-195
-955
766
-673
85
13233
13233
12999
-741
12999
12629
-119
848
-166
-598
-787
16983
-43
16937
964
133
-231
406
636
212
20016
96
628
18789
-112
18485
-909
16497
389
16236
159
17159
523
17159
16955
905
-637
15773
-98
601
-259
14752
128
-560
14442
841
15283
13824
465
15223
16244
15241
-275
-855
356
13928
-518
-229
-400
13389
13389
958
12431
953
11352
-337
-406
9131
9827
-12
11113
12120
-867
653
-251
265
-195
-510
13006
237
13132
-727
-611
29
-616
630
-240
13155
-823
-60
-568
11553
663
12216
12216
-975
12208
-650
328
-552
10004
9019
985
10004
-154
-676
309
10158
-849
-256
361
7640
7640
881
6641
643
932
5972
719
396
5719
632
914
-438
361
938
-708
-407
-904
370
288
5870
5870
861
-300
-859
2718
-442
2698
-564
1380
358
941
396
-439
3528
3528
324
483
5081
5081
-120
397
861
3426
-97
615
3426
618
3426
3426
350
5
-20
11
748
805
688
2942
1634
460
192
1462
999
1462
2924
-650
4263
4751
4998
3428
-992
2908
2908
909
488
-195
521
5109
7322
927
9825
680
11093
12004
-585
140
-895
423
13094
786
481
12408
666
11964
11964
-429
10488
975
9228
342
8872
-813
434
904
9096
7371
9118
-188
353
8518
8476
-483
9890
-74
9964
-557
-619
10375
166
10375
8593
-196
10868
669
