Team PNBDgoAcXvbJKkZbD: 491401042 points, rank 1
Team PNBDgoAcXvbJKkZbD: 491401042 points, rank 1
Team PNBDgoAcXvbJKkZbD: 491401042 points, rank 2
Team PNBDgoAcXvbJKkZbD: 491401042 points, rank 2
Team PNBDgoAcXvbJKkZbD: 491401042 points, rank 2
Team GfRIHNYdjGJEx: 1226451593 points, rank 3
Team GfRIHNYdjGJEx: 1226451593 points, rank 3
Team PNBDgoAcXvbJKkZbD: 491401042 points, rank 21
Team nhtJFUsMatOFLr: 838591097 points, rank 17
Team MTCWiyjOqHb: 933389819 points, rank 16
Team jLKKqRZMTYzU: 817095044 points, rank 22
Team GfRIHNYdjGJEx: 1226451593 points, rank 14
Team jLKKqRZMTYzU: 817095044 points, rank 32
Team CoHCkPtREZz: 1959347399 points, rank 6
Team ghhkgDXBj: 1166782206 points, rank 23
Team aItvAlpLGWgpdvIxydsl: 1897056203 points, rank 11
Team WUhPYYreRLuUtBaSAb: 2565262145 points, rank 3
Team CbyMGhBTuvYSDOY: 327703163 points, rank 43
Team rJKXVFEYbeZC: 400096054 points, rank 46
Team MPQyyaYZVHCTaSpMDUH: 1026922032 points, rank 36
Team uOuNWaVNH: 490636091 points, rank 48
Team GjlZwuEQlJZuSjnEvc: 3145659630 points, rank 1
Team TXRCuuzPdAvUbjRRhHzJ: 1921222833 points, rank 10
Team JksNnY: 779996755 points, rank 50
Team XUcbuFPF: 1797004867 points, rank 18
Team MzzdVsSir: 1024583505 points, rank 54
Team HFEvJyevU: 837012251 points, rank 60
Team hwtInMNzSczAgfwQKLZA is ELIMINATED
Team JksNnY: 779996755 points, rank 64
Team MPQyyaYZVHCTaSpMDUH: 1026922032 points, rank 55
Team uuScgZbSteMrC: 594461072 points, rank 71
Team ONODHwcKYQerwYBgvFWK: 1467575614 points, rank 39
Team qTtPdy: 1443261434 points, rank 47
Team uOuNWaVNH: 490636091 points, rank 94
Team RwmTNtPWMmZOdNSiwjd: 1531397323 points, rank 38
Team DCBovV: 1800167634 points, rank 28
Team owAhCzpPsADyJp: 1261049482 points, rank 66
Team ahxjWuYdiwy: 91983988 points, rank 120
Team QlqkTEOHFG: 1385779637 points, rank 63
Team dhtyGWwO: 1190971374 points, rank 77
Team dgvKCJw: 1995970905 points, rank 14
Team PFFqYTykhEwgfKmyyc: 1203916517 points, rank 80
Team zLnobBr: 1578776706 points, rank 48
Team OXYVSJsaEmBVoyICGOA: 1184057192 points, rank 88
Team mnJsGv: 946323915 points, rank 110
Team exDDmqhQQGkjpPgPJyhq: 1688518002 points, rank 42
Team kMuQR: 1135717244 points, rank 97
Team ABuyNprXuWzZkJxsEfv: 34473522 points, rank 167
Team fvXpiLAKXGDBvvXa: 1767927977 points, rank 38
Team LkuGEJRGhkjEBsraqrXl: 677785050 points, rank 134
Team PhiXHmpuTHsOlHCPHPg: 1549443094 points, rank 54
Team fIKGW: 10626266 points, rank 176
Team CoHCkPtREZz: 1959347399 points, rank 26
Team ZCWhiqEFVrHHqEqa: 1459130417 points, rank 67
Team qTtPdy: 1443261434 points, rank 71
Team PdBYhdKBousFMzBHg: 747629371 points, rank 139
Team uOuNWaVNH: 490636091 points, rank 165
Team kuBshzZxLBmeqmkSi: 1091366008 points, rank 116
Team GfRIHNYdjGJEx: 1226451593 points, rank 99
Team obKGQyqiINIcv: 1372789839 points, rank 90
Team RJDueHYqiAPQlt: 2082801040 points, rank 17
Team TktkVXHQoPrYGced: 1468661040 points, rank 82
Team cGwqwF: 1660356799 points, rank 62
Team cGwqwF: 1660356799 points, rank 62
Team iTlhQHycD: 538021296 points, rank 199
Team NlAEe: 1342062693 points, rank 109
Team XQHxUfvQHJmWSMmVdK: 453421658 points, rank 219
Team ThLVf: 1328138241 points, rank 115
Team iXZXMX: 1323831443 points, rank 117
Team lDgdnXkqRjCwIUDGdJDv: 1676039694 points, rank 63
Team owAhCzpPsADyJp: 2491707471 points, rank 12
Team yMyXqZZSqNbyjlijq: 153161556 points, rank 286
Team lqyGqyGSO: 2007388667 points, rank 36
Team CbyMGhBTuvYSDOY: 327703163 points, rank 272
Team vLEJfpiBKk: 2000044230 points, rank 37
Team qtIUBFUZegjhZOWjna: 1360462476 points, rank 128
Team SZdOCYvl: 818659552 points, rank 214
Team xHpHLUbjXNEt: 1014280756 points, rank 190
Team XkVuYRmrieJnFwVTR: 123527068 points, rank 318
Team ObpjyQZwscjmYffS: 365957275 points, rank 288
Team jbxTkFlPrRLdlwM: 1050035589 points, rank 192
Team sqjBySCnufJg: 1464365627 points, rank 120
Team EvMjPdNLcs: 1394354776 points, rank 135
Team qLdxTXGQQIbc: 594284858 points, rank 264
Team Trpjx: 378357835 points, rank 305
Team PriTjBn: 1225220505 points, rank 166
Team blHbIBLDDvWzZrjShb: 1775896157 points, rank 85
Team EvMjPdNLcs: 1394354776 points, rank 148
Team VfYmBttKFZSXbaXRxlq: 520107417 points, rank 299
Team ssnFlEhBdDuFAv: 1783318029 points, rank 84
Team DmHaYqBuKKUBRPFJUjcX: 1783789498 points, rank 83
Team sTmTsXxBEiIeqs: 659577509 points, rank 280
Team QImaGQynWNIJKdIhG: 457758219 points, rank 317
Team oIirD: 2032158743 points, rank 42
Team xHpHLUbjXNEt: 1014280756 points, rank 224
Team WPPHZfmAefxkx: 2903902959 points, rank 4
Team sRyeX: 257984988 points, rank 363
Team aNyZxKujZgbOVihvehb: 583392612 points, rank 309
Team RMXwimmbEGBiFwva: 950773952 points, rank 255
Team tSGBiyonfEiLhG: 1739131450 points, rank 101
Team GFPPc: 375900597 points, rank 373
Team HFEvJyevU: 837012251 points, rank 286
Team DmXFaaRg: 658781399 points, rank 321
Team gXKAsrqLFAfZNJi: 1660899213 points, rank 126
Team otYHLPiKgd: 476383930 points, rank 357
Team qNOqmZBaewOiaeeMxZ: 1771067601 points, rank 106
Team dowKaaf: 509025949 points, rank 372
