Team jXaddsvVigxEGOufdh: 1604649333 points, rank 1
Team pSIAC: 932330614 points, rank 5
Team zkTIb: 1414183580 points, rank 4
Team wkkMruACsloavpgCE: 874618150 points, rank 9
Team GgijnEaVLsxDI: 938513582 points, rank 8
Team aoZKSJJkjznZQi: 1974006134 points, rank 2
Team oKuAePGmAA: 91197830 points, rank 14
Team JPMxfJVojPbOBj: 281874377 points, rank 14
Team zkTIb: 1414183580 points, rank 6
Team gBcIeJLTgG: 2141206070 points, rank 2
Team ZHOnToywLHhUttERr: 383546591 points, rank 26
Team TjgltyX: 624840472 points, rank 24
Team pVlkEjLD: 174510824 points, rank 32
Team KFbSyLrCisUNY: 6851682 points, rank 44
Team pSIAC: 2100097997 points, rank 4
Team ZHOnToywLHhUttERr: 383546591 points, rank 41
Team JPMxfJVojPbOBj: 2011837085 points, rank 9
Team uAhSAuVcpMWuvhG: 1712579484 points, rank 16
Team CPHraPLaYGZCHHqeG: 554919847 points, rank 57
Team cCmyupSDYSZRDgFgTYjK: 1346196079 points, rank 31
Team wkkMruACsloavpgCE: 874618150 points, rank 48
Team jXaddsvVigxEGOufdh: 1604649333 points, rank 25
Team KhAEveQjjYjvmjlkJZw: 1697979500 points, rank 20
Team EJFOeQwZMc: 1581975216 points, rank 28
Team hmfjALyZxEbcY: 1837526115 points, rank 17
Team lXvkU: 3402672790 points, rank 1
Team tbDFIsd: 3280132903 points, rank 2
Team HrxIL is ELIMINATED
Team RbnKFZj: 773723619 points, rank 67
Team kULPkkJJAlFCZXKftK: 1890802123 points, rank 17
Team bCACnDy: 1502723839 points, rank 37
Team ViSlsMJDIVpL: 757352669 points, rank 75
Team uAhSAuVcpMWuvhG: 1712579484 points, rank 29
Team iHFmmN: 1814673774 points, rank 27
Team pqmhGKjpLOezEJtHCiDL: 353720961 points, rank 121
Team kgPqWJIrMgbkDKD: 2090863969 points, rank 10
Team hppIbzSJqPLucGDZoAd: 1717260394 points, rank 38
Team GdnorYnLqcqtsIEtsu: 1920216914 points, rank 20
Team FiYFxhKQaDvVQvAmx: 2147232429 points, rank 10
Team hppIbzSJqPLucGDZoAd: 1717260394 points, rank 39
Team TJrwogNpAOMZWQaHQTU: 890616006 points, rank 90
Team nMWrT: 2577173241 points, rank 5
Team NRCBPVUWctDe: 1060518668 points, rank 76
Team uAhSAuVcpMWuvhG: 1005893691 points, rank 80
Team YYpsBoUMdDqQB: 428222957 points, rank 128
Team HrxIL is ELIMINATED
Team COQDzZboYF: 916233420 points, rank 96
Team ZQXfnGVKvOTPGXXOLN: 961131959 points, rank 103
Team QfsEKDSONDbXtuYyasp: 1051967449 points, rank 95
Team AUANTzKELvty is ELIMINATED
Team ppBLrUXgYISm: 1192500289 points, rank 87
Team XmlDkVGkRZZQ: 1866108906 points, rank 30
Team BTnUbUnfupOxQHSO: 1367972202 points, rank 69
Team uZJcKPijigVAg: 59738079 points, rank 196
Team COQDzZboYF: 916233420 points, rank 118
Team ZoMoq is ELIMINATED
Team lEsMbEt: 1885544110 points, rank 31
Team eWUKsVeuOtDqXd: 747071508 points, rank 138
Team tbDFIsd: 3280132903 points, rank 4
Team jBTRgorHqNZxDbV: 1506231130 points, rank 69
Team psWgyIj: 66971929 points, rank 205
Team kXkAnzn: 382490557 points, rank 191
Team NRCBPVUWctDe: 1060518668 points, rank 119
Team kXkAnzn: 382490557 points, rank 197
Team KWbnUjDAOYMBqgmuuah: 390121592 points, rank 195
Team ZeybYYdbFk: 1933203784 points, rank 34
Team fRvwsNDJGYSHC: 1482572297 points, rank 83
Team wHPnhuTcaWPdq: 1275558933 points, rank 111
Team XmlDkVGkRZZQ: 1866108906 points, rank 45
Team GdnorYnLqcqtsIEtsu: 1920216914 points, rank 39
Team ljwmAbpWIAoSyvjO: 1706998436 points, rank 68
Team wkkMruACsloavpgCE: 1079725302 points, rank 128
Team lXvkU: 3402672790 points, rank 3
Team dnmBpBXkXG: 891897786 points, rank 161
Team EQjBleMog: 337214789 points, rank 233
Team eEmJCeJACsCwNqRbxJ: 713880652 points, rank 194
Team hsQbyNTDe: 2353999549 points, rank 13
Team PVfBqDB: 1349815070 points, rank 121
Team vFdrxTCFGajGskWMX: 131551553 points, rank 281
Team kULPkkJJAlFCZXKftK: 3386912388 points, rank 5
Team ZPXKlCphuKixoJpFFn: 904607432 points, rank 179
Team wIQMBcBZkARSnuCs: 1941173488 points, rank 46
Team GewoqhWIN: 149009455 points, rank 290
Team NITjQqVuKWgs: 36962448 points, rank 308
Team ragtXYVILvLbM: 1981720340 points, rank 40
Team QfsEKDSONDbXtuYyasp: 1051967449 points, rank 163
Team psWgyIj is ELIMINATED
Team eeYzWfSXEjKaBnWVn is ELIMINATED
Team LXKtSRz: 410164899 points, rank 281
Team ZQsktdvY: 110215151 points, rank 328
Team WlnpHSotRiCeN: 252741997 points, rank 317
Team NKEcNLoKzHlLZUmoHT: 1567137354 points, rank 112
Team saijSYLItxejyjRzBdU: 504663379 points, rank 280
Team bqKNRQVLfzrcUUFjA: 1771886579 points, rank 79
Team uZJcKPijigVAg: 59738079 points, rank 351
Team WzbTFSeTqMJKcoyQPXz: 291426840 points, rank 315
Team uJbdCoEFOrlWUHDeWNd: 1606168219 points, rank 106
Team yuwxLNiLYag: 1068894972 points, rank 192
