Team KETjdR: 1153524590 points, rank 1
Team RacmMUuZBLthPESmt: 1667313304 points, rank 1
Team KETjdR: 1153524590 points, rank 7
Team KETjdR: 1153524590 points, rank 10
Team CznaAOfqIg: 1178780969 points, rank 9
Team CmVtGOVbRXjjsIZa: 1420450015 points, rank 8
Team KETjdR: 1153524590 points, rank 13
Team REBCZaQIyOnwvyunRzzl: 1822955227 points, rank 7
Team vfzdVmcesdpMKhstxZA: 1029325848 points, rank 24
Team PMsqKJbXbaQDJXP: 1217461333 points, rank 27
Team CNWuFJgObSSnyug: 2148235222 points, rank 4
Team HwbmXMNnyYmAxcE: 932796487 points, rank 38
Team PsBFxHzHdaFOVH: 202574407 points, rank 54
Team PkHkuOdrI: 1452279979 points, rank 22
Team xmxBevbJRYRr: 1258234931 points, rank 32
Team wAnwkNeePohQboPGBBos: 1225748611 points, rank 36
Team QyYUNySYlZddPnoISRv: 589051571 points, rank 62
Team OnqKfnZyDaHjBuoPk: 2690092206 points, rank 3
Team MibywVM: 366947310 points, rank 69
Team uMOOhUhwkXHLV: 786849492 points, rank 65
Team CznaAOfqIg is ELIMINATED
Team XpopxHbtuodlWsgYe: 142380658 points, rank 103
Team LDunBO: 345380609 points, rank 95
Team aorHUSfRRkkPNzsdjpl: 3260803142 points, rank 2
Team JPXErBPzzdUUfdatyyae: 412309544 points, rank 97
Team RCKnBrfq: 823360024 points, rank 79
Team ytRXKgwoVDPNboX: 2081439063 points, rank 11
Team JcKXZ: 583042740 points, rank 91
Team OuLycQHy: 1820711706 points, rank 28
Team yZhHKaRep: 483855178 points, rank 103
Team kVcgzYukllh: 1216695040 points, rank 61
Team fIeDLEoobYsV: 1415016033 points, rank 52
Team RXKaHS: 3512389047 points, rank 1
Team KNheBa: 1517148605 points, rank 48
Team kuChXLfVrnCfyj is ELIMINATED
Team gnhnSnSCGVsrEzxqIEQ is ELIMINATED
Team nGtuSSynaFrYyBSbxJCy: 2370038519 points, rank 7
Team CMiEXl: 2200300293 points, rank 8
Team AMMFxKwZOgkq: 423981125 points, rank 136
Team REBCZaQIyOnwvyunRzzl: 1822955227 points, rank 38
Team maCSPoaG: 1979647732 points, rank 28
Team OuLycQHy: 1662820473 points, rank 55
Team fvKBp is ELIMINATED
Team byufhFbMLWH: 493251854 points, rank 146
Team rvytBYkvR: 474059125 points, rank 148
Team pKlvCOxxAIW: 1707013682 points, rank 49
Team jdmZlQsOXjO: 1166142211 points, rank 102
Team BDJRypEUp: 1153325750 points, rank 108
Team LAoAYuPBRVwupIpviFKg: 2115510210 points, rank 19
Team CFGyoVlv: 600074038 points, rank 150
Team HDnCtL: 1392365892 points, rank 83
Team tQntsWrZOS: 202478240 points, rank 194
Team eCZFbyrQU: 1189066910 points, rank 105
Team ubawt: 1684562658 points, rank 63
Team flrzVIIcP: 2423135150 points, rank 13
Team IYxNl: 222290224 points, rank 207
Team PlqVgNEnsRAqzpf: 451518299 points, rank 184
Team gFLsCt: 332206015 points, rank 204
Team fvKBp is ELIMINATED
Team miwBxkvVoEp: 1665538667 points, rank 72
Team tlKLfA: 2264580989 points, rank 18
Team mGIySUexolrjagm is ELIMINATED
Team sLAINnWgXP: 93502507 points, rank 253
Team LcWJaJoYEcXXCMYhz: 1087960576 points, rank 147
Team PwDhOTTElhogDfRxgP is ELIMINATED
Team urkJVyKBEBIrwraOebl: 1713463476 points, rank 69
Team xmfbQ: 981842987 points, rank 162
Team AdSEWIMTal: 1757875034 points, rank 67
Team KyyBbE: 1319648457 points, rank 124
Team iNigj: 299805656 points, rank 242
Team KNheBa: 2675721331 points, rank 11
Team aLvPedkdEZgq: 2448469449 points, rank 16
Team IIOLh: 549041291 points, rank 223
Team YEYQtNfxXZrmmwbALXe: 846301364 points, rank 197
Team JKITcKt: 1320426128 points, rank 133
Team ccIeM: 570500508 points, rank 229
Team DejaqhDyxdMVHTFFfdCW: 1773359433 points, rank 69
Team MrYkWZOQsGGRobAliU: 285519078 points, rank 262
Team CmVtGOVbRXjjsIZa: 795525661 points, rank 202
Team exaXTRA: 620232801 points, rank 226
Team YakXQ: 1963227332 points, rank 51
Team lAAPFHiquuWms: 12588415 points, rank 318
Team dmETQiRkgeUXdQqEKnQF: 1614015488 points, rank 96
Team lNWBULRNCilYoZelpT: 462917834 points, rank 251
Team HNqDaf: 780217003 points, rank 235
Team DpGwY: 539060895 points, rank 272
Team rNXfgAJljYVCGi: 773512166 points, rank 245
Team xvDJzRcGRnVVdkvXbHqw: 1116766998 points, rank 199
Team vEWYMF: 1416706369 points, rank 149
Team APyzVFsnZk: 780966927 points, rank 252
Team GaxKnxWGTvcUAhxdmHV: 1592050105 points, rank 129
Team feKPnSwvdGFGsXi: 1659788769 points, rank 116
Team RiIwCS is ELIMINATED
Team npYCSDaDBADTDKiuD: 987093780 points, rank 231
Team moKAcxL: 1687498523 points, rank 111
Team ckAzbjYSoE: 720067452 points, rank 281
Team eyrNawblzyPUMfrtRqJZ: 1822984415 points, rank 84
Team nHfBTDadcKJ: 1412529686 points, rank 163
Team ctHFKEayr: 1323506817 points, rank 179
Team HOGGbowbRG: 1525077627 points, rank 147
Team AXyanbbLRtwbyp: 2010115229 points, rank 61
Team ldFvZQTLrPwtB: 924157421 points, rank 278
Team zCDZsdEKjonIpj: 1354343857 points, rank 191
Team FEfKhIlscMAVTJDTAi: 457828318 points, rank 367
Team tcIfLaRieXvBiJtHGt: 1771278572 points, rank 109
Team PylpBrqPjIVTbRVzTgOT: 286909015 points, rank 416
Team xQRJGlSJZTsuzWjgR: 1654979626 points, rank 140
Team YikkCncWExc: 1337283343 points, rank 202
Team ZsLJoGIrWEm: 435466907 points, rank 387
Team mrdHqXHSrwt: 1370182206 points, rank 200
Team GzAqngjiYiduaEey: 797390075 points, rank 321
Team CpZBCxuPkQrGDzJM: 1433077663 points, rank 187
Team vrwAcebBsLT: 1167247546 points, rank 244
Team NIJSrsCJHc: 376007694 points, rank 415
Team RiIwCS is ELIMINATED
Team xBBAn: 1984345277 points, rank 76
Team mcRrIjhrQ: 420588126 points, rank 417
Team TTvaWqGhGMmFIHfbCVyg: 751117958 points, rank 347
Team YzJNrea: 3100152241 points, rank 10
Team MSEvsDubqAJfPsZBzm: 426595512 points, rank 415
Team vEeDYbdVdyFv: 1507276034 points, rank 184
Team ynXmwGfXl: 1730476421 points, rank 131
Team OcYbToOYszJIqMawA: 596990021 points, rank 389
